<?xml version="1.0" encoding="UTF-8"?>
<!-- Generated by org.testng.reporters.JUnitReportReporter -->
<testsuite hostname="us158470" name="com.aol.example.testcase.PrivateWifiMobile" tests="2" failures="0" timestamp="23 Jan 2015 15:59:40 GMT" time="46.284" errors="0">
  <testcase name="mobileCheckMaxLimitReached" time="16.257" classname="com.aol.example.testcase.PrivateWifiMobile"/>
  <testcase name="loadPrivateWifiMobilePageAndSignIn" time="30.027" classname="com.aol.example.testcase.PrivateWifiMobile"/>
</testsuite> <!-- com.aol.example.testcase.PrivateWifiMobile -->
