<?xml version="1.0" encoding="UTF-8"?>
<!-- Generated by org.testng.reporters.JUnitReportReporter -->
<testsuite hostname="us158470" name="com.aol.example.testcase.PrivateWifi" tests="2" failures="1" timestamp="23 Jan 2015 19:08:16 GMT" time="29.481" errors="0">
  <testcase name="checkMaxLimitReached" time="29.480" classname="com.aol.example.testcase.PrivateWifi"/>
  <testcase name="loadPrivateWifiPageAndSignIn" time="0.001" classname="com.aol.example.testcase.PrivateWifi">
    <failure type="com.applitools.eyes.NewTestException" message="&#039;PrivateWifi checkMaxLimitReached&#039; of &#039;checkMaxLimitReached&#039;. Please approve the new baseline at https://eyes.applitools.com/app/sessions/251980260726980">
      <![CDATA[com.applitools.eyes.NewTestException: 'PrivateWifi checkMaxLimitReached' of 'checkMaxLimitReached'. Please approve the new baseline at https://eyes.applitools.com/app/sessions/251980260726980
	at com.applitools.eyes.EyesBase.close(EyesBase.java:521)
	at com.applitools.eyes.Eyes.close(Eyes.java:18)
	at com.applitools.eyes.EyesBase.close(EyesBase.java:444)
	at com.applitools.eyes.Eyes.close(Eyes.java:18)
	at com.aol.example.testcase.UITestBase.afterMethod(UITestBase.java:102)
	at sun.reflect.NativeMethodAccessorImpl.invoke0(Native Method)
	at sun.reflect.NativeMethodAccessorImpl.invoke(NativeMethodAccessorImpl.java:39)
	at sun.reflect.DelegatingMethodAccessorImpl.invoke(DelegatingMethodAccessorImpl.java:25)
	at java.lang.reflect.Method.invoke(Method.java:597)
	at org.testng.internal.MethodInvocationHelper.invokeMethod(MethodInvocationHelper.java:84)
	at org.testng.internal.Invoker.invokeConfigurationMethod(Invoker.java:564)
	at org.testng.internal.Invoker.invokeConfigurations(Invoker.java:213)
	at org.testng.internal.Invoker.invokeMethod(Invoker.java:786)
	at org.testng.internal.Invoker.invokeTestMethod(Invoker.java:901)
	at org.testng.internal.Invoker.invokeTestMethods(Invoker.java:1231)
	at org.testng.internal.TestMethodWorker.invokeTestMethods(TestMethodWorker.java:127)
	at org.testng.internal.TestMethodWorker.run(TestMethodWorker.java:111)
	at org.testng.TestRunner.privateRun(TestRunner.java:767)
	at org.testng.TestRunner.run(TestRunner.java:617)
	at org.testng.SuiteRunner.runTest(SuiteRunner.java:334)
	at org.testng.SuiteRunner.runSequentially(SuiteRunner.java:329)
	at org.testng.SuiteRunner.privateRun(SuiteRunner.java:291)
	at org.testng.SuiteRunner.run(SuiteRunner.java:240)
	at org.testng.SuiteRunnerWorker.runSuite(SuiteRunnerWorker.java:52)
	at org.testng.SuiteRunnerWorker.run(SuiteRunnerWorker.java:86)
	at org.testng.TestNG.runSuitesSequentially(TestNG.java:1224)
	at org.testng.TestNG.runSuitesLocally(TestNG.java:1149)
	at org.testng.TestNG.run(TestNG.java:1057)
	at org.testng.remote.RemoteTestNG.run(RemoteTestNG.java:111)
	at org.testng.remote.RemoteTestNG.initAndRun(RemoteTestNG.java:204)
	at org.testng.remote.RemoteTestNG.main(RemoteTestNG.java:175)
]]>
    </failure>
  </testcase> <!-- loadPrivateWifiPageAndSignIn -->
</testsuite> <!-- com.aol.example.testcase.PrivateWifi -->
